2025-09-17T02:09:43.705978: HIPAA COMPLIANCE: All processing occurs locally with no external transmission
2025-09-17T02:09:43.706196: Generating sample healthcare service feedback data
2025-09-17T02:09:43.709155: Generated 500 sample feedback entries
2025-09-17T02:09:43.709359: Performing simple sentiment analysis
2025-09-17T02:09:43.715845: Sentiment analysis completed
2025-09-17T02:09:43.716076: Sentiment analysis accuracy: 77.6%
2025-09-17T02:09:43.716211: Analyzing service-level patterns
2025-09-17T02:09:43.716509: Analyzing service combinations
2025-09-17T02:09:43.717857: Found 0 service combinations
2025-09-17T02:09:43.718026: Generating insights and recommendations
2025-09-17T02:09:43.718226: Creating text-based visualizations
2025-09-17T02:09:43.718567: Results saved to demo_output/sentiment_analysis_results.txt
2025-09-17T02:09:43.719324: Detailed results saved to demo_output/detailed_analysis_results.json
2025-09-17T02:09:43.722184: Data exported to demo_output/analyzed_feedback_data.csv
2025-09-16T23:03:15.209435: HIPAA COMPLIANCE: All processing occurs locally with no external transmission
2025-09-16T23:03:15.209679: Generating sample healthcare service feedback data
2025-09-16T23:03:15.210980: Generated 500 sample feedback entries
2025-09-16T23:03:15.211023: Performing simple sentiment analysis
2025-09-16T23:03:15.214162: Sentiment analysis completed
2025-09-16T23:03:15.214203: Analyzing service-level patterns
2025-09-16T23:03:15.214345: Generating insights and recommendations
2025-09-16T23:04:07.099215: HIPAA COMPLIANCE: All processing occurs locally with no external transmission
2025-09-16T23:04:07.099499: Generating sample healthcare service feedback data
2025-09-16T23:04:07.101619: Generated 500 sample feedback entries
2025-09-16T23:04:07.101697: Performing simple sentiment analysis
2025-09-16T23:04:07.106810: Sentiment analysis completed
2025-09-16T23:04:07.106891: Analyzing service-level patterns
2025-09-16T23:04:07.107093: Generating insights and recommendations
2025-09-16T23:04:18.757721: HIPAA COMPLIANCE: All processing occurs locally with no external transmission
2025-09-16T23:04:18.757847: Generating sample healthcare service feedback data
2025-09-16T23:04:18.759125: Generated 500 sample feedback entries
2025-09-16T23:04:18.759179: Performing simple sentiment analysis
2025-09-16T23:04:18.762443: Sentiment analysis completed
2025-09-16T23:04:18.762495: Analyzing service-level patterns
2025-09-16T23:04:18.762655: Generating insights and recommendations
2025-09-16T23:04:35.691128: HIPAA COMPLIANCE: All processing occurs locally with no external transmission
2025-09-16T23:04:35.691290: Generating sample healthcare service feedback data
2025-09-16T23:04:35.692833: Generated 500 sample feedback entries
2025-09-16T23:04:35.692881: Performing simple sentiment analysis
2025-09-16T23:04:35.696188: Sentiment analysis completed
2025-09-16T23:04:35.696242: Analyzing service-level patterns
2025-09-16T23:04:35.696402: Generating insights and recommendations
2025-09-16T23:04:41.515100: HIPAA COMPLIANCE: All processing occurs locally with no external transmission
2025-09-16T23:04:41.515240: Generating sample healthcare service feedback data
2025-09-16T23:04:41.516555: Generated 500 sample feedback entries
2025-09-16T23:04:41.516606: Performing simple sentiment analysis
2025-09-16T23:04:41.519875: Sentiment analysis completed
2025-09-16T23:04:41.519923: Analyzing service-level patterns
2025-09-16T23:04:41.520069: Generating insights and recommendations
2025-09-16T23:14:34.493084: HIPAA COMPLIANCE: All processing occurs locally with no external transmission
2025-09-16T23:14:34.493298: Generating sample healthcare service feedback data with demographics
2025-09-16T23:14:34.495096: Generated 500 sample feedback entries with demographics
2025-09-16T23:14:34.495142: Performing simple sentiment analysis
2025-09-16T23:14:34.499206: Sentiment analysis completed
2025-09-16T23:14:34.499256: Analyzing service-level patterns
2025-09-16T23:14:34.499402: Generating insights and recommendations
2025-09-16T23:18:19.873977: HIPAA COMPLIANCE: All processing occurs locally with no external transmission
2025-09-16T23:18:19.874130: Generating sample healthcare service feedback data with demographics
2025-09-16T23:18:19.875831: Generated 500 sample feedback entries with demographics
2025-09-16T23:18:19.875884: Performing simple sentiment analysis
2025-09-16T23:18:19.879487: Sentiment analysis completed
2025-09-16T23:18:19.879543: Analyzing service-level patterns
2025-09-16T23:18:19.879681: Generating insights and recommendations
2025-09-16T23:29:41.064298: HIPAA COMPLIANCE: All processing occurs locally with no external transmission
2025-09-16T23:32:42.928088: HIPAA COMPLIANCE: All processing occurs locally with no external transmission
2025-09-16T23:35:36.614722: HIPAA COMPLIANCE: All processing occurs locally with no external transmission
2025-09-16T23:35:36.615065: Generating sample healthcare service feedback data with demographics
2025-09-16T23:35:36.616742: Generated 500 sample feedback entries with demographics
2025-09-16T23:35:36.616810: Performing simple sentiment analysis
2025-09-16T23:35:36.620765: Sentiment analysis completed
2025-09-16T23:35:36.620920: Analyzing service-level patterns
2025-09-16T23:35:36.621098: Analyzing service combinations
2025-09-16T23:35:36.622053: Found 159 service combinations
2025-09-16T23:35:36.622148: Generating insights and recommendations
2025-09-16T23:35:57.736491: HIPAA COMPLIANCE: All processing occurs locally with no external transmission
2025-09-16T23:35:57.736701: Generating sample healthcare service feedback data with demographics
2025-09-16T23:35:57.738752: Generated 500 sample feedback entries with demographics
2025-09-16T23:35:57.738908: Performing simple sentiment analysis
2025-09-16T23:35:57.742758: Sentiment analysis completed
2025-09-16T23:35:57.742883: Analyzing service-level patterns
2025-09-16T23:35:57.743045: Analyzing service combinations
2025-09-16T23:35:57.743940: Found 159 service combinations
2025-09-16T23:35:57.743981: Generating insights and recommendations
2025-09-16T23:36:03.321787: HIPAA COMPLIANCE: All processing occurs locally with no external transmission
2025-09-16T23:36:03.321968: Generating sample healthcare service feedback data with demographics
2025-09-16T23:36:03.323905: Generated 500 sample feedback entries with demographics
2025-09-16T23:36:03.323985: Performing simple sentiment analysis
2025-09-16T23:36:03.327740: Sentiment analysis completed
2025-09-16T23:36:03.327788: Analyzing service-level patterns
2025-09-16T23:36:03.327932: Analyzing service combinations
2025-09-16T23:36:03.328756: Found 159 service combinations
2025-09-16T23:36:03.328797: Generating insights and recommendations
2025-09-16T23:36:11.987974: HIPAA COMPLIANCE: All processing occurs locally with no external transmission
2025-09-16T23:38:52.466064: HIPAA COMPLIANCE: All processing occurs locally with no external transmission
2025-09-16T23:38:52.467092: Generating sample healthcare service feedback data with demographics
2025-09-16T23:38:52.468944: Generated 500 sample feedback entries with demographics
2025-09-16T23:38:52.469072: Performing simple sentiment analysis
2025-09-16T23:38:52.473238: Sentiment analysis completed
2025-09-16T23:38:52.473315: Analyzing service-level patterns
2025-09-16T23:38:52.473486: Analyzing service combinations
2025-09-16T23:38:52.474371: Found 159 service combinations
2025-09-16T23:38:52.474414: Generating insights and recommendations
2025-09-16T23:39:03.853504: HIPAA COMPLIANCE: All processing occurs locally with no external transmission
